0 info it worked if it ends with ok
1 verbose cli [ '/usr/local/bin/node', '/usr/local/bin/npm', 'publish' ]
2 info using npm@2.15.5
3 info using node@v4.4.5
4 verbose publish [ '.' ]
5 silly cache add args [ '.', null ]
6 verbose cache add spec .
7 silly cache add parsed spec Result {
7 silly cache add   raw: '.',
7 silly cache add   scope: null,
7 silly cache add   name: null,
7 silly cache add   rawSpec: '.',
7 silly cache add   spec: '/Users/benbrown/Sites/botkit-middleware-bcrm',
7 silly cache add   type: 'directory' }
8 verbose addLocalDirectory /Users/benbrown/.npm/botkit-middleware-bcrm/0.0.2/package.tgz not in flight; packing
9 verbose correctMkdir /Users/benbrown/.npm correctMkdir not in flight; initializing
10 verbose tar pack [ '/Users/benbrown/.npm/botkit-middleware-bcrm/0.0.2/package.tgz',
10 verbose tar pack   '/Users/benbrown/Sites/botkit-middleware-bcrm' ]
11 verbose tarball /Users/benbrown/.npm/botkit-middleware-bcrm/0.0.2/package.tgz
12 verbose folder /Users/benbrown/Sites/botkit-middleware-bcrm
13 info prepublish botkit-middleware-bcrm@0.0.2
14 verbose addLocalTarball adding from inside cache /Users/benbrown/.npm/botkit-middleware-bcrm/0.0.2/package.tgz
15 verbose correctMkdir /Users/benbrown/.npm correctMkdir not in flight; initializing
16 silly cache afterAdd botkit-middleware-bcrm@0.0.2
17 verbose afterAdd /Users/benbrown/.npm/botkit-middleware-bcrm/0.0.2/package/package.json not in flight; writing
18 verbose correctMkdir /Users/benbrown/.npm correctMkdir not in flight; initializing
19 verbose afterAdd /Users/benbrown/.npm/botkit-middleware-bcrm/0.0.2/package/package.json written
20 silly publish { name: 'botkit-middleware-bcrm',
20 silly publish   version: '0.0.2',
20 silly publish   description: 'This Botkit plugin enables support for [bCRM](https://bcrm.com?ref=botkit-middleware-bcrm), a customer CRM tool that enables bot developers to send broadcast messages to users of their bot.',
20 silly publish   main: 'lib/middleware.js',
20 silly publish   scripts: { test: 'echo "Error: no test specified" && exit 1' },
20 silly publish   author: '',
20 silly publish   license: 'ISC',
20 silly publish   dependencies: { request: '^2.78.0' },
20 silly publish   readme: '# Botkit bCRM Middleware\n\nThis Botkit plugin enables support for [bCRM](https://bcrm.com?ref=botkit-middleware-bcrm), a customer\nCRM tool that enables bot developers to send broadcast messages to users of their bot.\n\nThis plugin currently works with Slack and Facebook bots.\n\n## Install it\n```\nnpm install --save botkit-middleware-bcrm\n```\n\n## Enable Your Bot\n\n1. [Create a bCRM account](https://bcrm.com?ref=botkit-middleware-bcrm) and get your bCRM `token` and bCRM `bot id`.\n\n2. Add the following lines to your Botkit application:\n\n```\nrequire(\'botkit-middleware-bcrm\')({\n    bcrm_token: \'my_bcrm_token\',\n    bcrm_bot: \'my_bcrm_bot\',\n    controller: controller    \n});\n```\n\n3. To register new users with bCRM:\n\nIf using Slack, register a new team with your bot\'s application via the oauth flow.\nNote, this assumes you are using the built-in oauth support.\n\nIf using Facebook, click the "Get Started" or any other button that fires a `[facebook_postback](https://github.com/howdyai/botkit/blob/master/readme-facebook.md#using-structured-messages-and-postbacks)` or `facebook_optin` event.\nNote, your app must be set to subscribe to the postback and/or optin events inside Facebook\'s developer tool.\n\n## Security Note\n\nIn order to provide its service, this plugin sends information to bCRM that allows\nthe bCRM software to access information and send messages on behalf of your bot.\nBefore using this plugin, [read bCRM\'s privacy policy](https://bcrm.com/privacy),\nand make sure your own policies reflect the fact that you share information with them.\n',
20 silly publish   readmeFilename: 'readme.md',
20 silly publish   gitHead: 'b999c85a8797ece096036708c5d57e8d5ca649b7',
20 silly publish   _id: 'botkit-middleware-bcrm@0.0.2',
20 silly publish   _shasum: '1f40f6043cd40c324892ba6c2888a87f8c0d2b03',
20 silly publish   _from: '.' }
21 verbose getPublishConfig undefined
22 silly mapToRegistry name botkit-middleware-bcrm
23 silly mapToRegistry using default registry
24 silly mapToRegistry registry https://registry.npmjs.org/
25 silly mapToRegistry data Result {
25 silly mapToRegistry   raw: 'botkit-middleware-bcrm',
25 silly mapToRegistry   scope: null,
25 silly mapToRegistry   name: 'botkit-middleware-bcrm',
25 silly mapToRegistry   rawSpec: '',
25 silly mapToRegistry   spec: 'latest',
25 silly mapToRegistry   type: 'tag' }
26 silly mapToRegistry uri https://registry.npmjs.org/botkit-middleware-bcrm
27 verbose publish registryBase https://registry.npmjs.org/
28 silly publish uploading /Users/benbrown/.npm/botkit-middleware-bcrm/0.0.2/package.tgz
29 verbose request uri https://registry.npmjs.org/botkit-middleware-bcrm
30 verbose request sending authorization for write operation
31 info attempt registry request try #1 at 1:30:15 PM
32 verbose request using bearer token for auth
33 verbose request id b23c2c4f0efb2877
34 http request PUT https://registry.npmjs.org/botkit-middleware-bcrm
35 http 403 https://registry.npmjs.org/botkit-middleware-bcrm
36 verbose headers { 'content-type': 'application/json',
36 verbose headers   'cache-control': 'max-age=300',
36 verbose headers   'content-length': '95',
36 verbose headers   'accept-ranges': 'bytes',
36 verbose headers   date: 'Tue, 29 Nov 2016 19:30:16 GMT',
36 verbose headers   via: '1.1 varnish',
36 verbose headers   connection: 'keep-alive',
36 verbose headers   'x-served-by': 'cache-dfw1843-DFW',
36 verbose headers   'x-cache': 'MISS',
36 verbose headers   'x-cache-hits': '0',
36 verbose headers   'x-timer': 'S1480447815.473815,VS0,VE905',
36 verbose headers   vary: 'Accept-Encoding' }
37 verbose request invalidating /Users/benbrown/.npm/registry.npmjs.org/botkit-middleware-bcrm on PUT
38 error publish Failed PUT 403
39 verbose stack Error: "You cannot publish over the previously published version 0.0.2." : botkit-middleware-bcrm
39 verbose stack     at makeError (/usr/local/lib/node_modules/npm/node_modules/npm-registry-client/lib/request.js:264:12)
39 verbose stack     at CachingRegistryClient.<anonymous> (/usr/local/lib/node_modules/npm/node_modules/npm-registry-client/lib/request.js:252:14)
39 verbose stack     at Request._callback (/usr/local/lib/node_modules/npm/node_modules/npm-registry-client/lib/request.js:172:14)
39 verbose stack     at Request.self.callback (/usr/local/lib/node_modules/npm/node_modules/request/request.js:200:22)
39 verbose stack     at emitTwo (events.js:87:13)
39 verbose stack     at Request.emit (events.js:172:7)
39 verbose stack     at Request.<anonymous> (/usr/local/lib/node_modules/npm/node_modules/request/request.js:1067:10)
39 verbose stack     at emitOne (events.js:82:20)
39 verbose stack     at Request.emit (events.js:169:7)
39 verbose stack     at IncomingMessage.<anonymous> (/usr/local/lib/node_modules/npm/node_modules/request/request.js:988:12)
40 verbose statusCode 403
41 verbose pkgid botkit-middleware-bcrm
42 verbose cwd /Users/benbrown/Sites/botkit-middleware-bcrm
43 error Darwin 16.0.0
44 error argv "/usr/local/bin/node" "/usr/local/bin/npm" "publish"
45 error node v4.4.5
46 error npm  v2.15.5
47 error code E403
48 error "You cannot publish over the previously published version 0.0.2." : botkit-middleware-bcrm
49 error If you need help, you may report this error at:
49 error     <https://github.com/npm/npm/issues>
50 verbose exit [ 1, true ]
